<?xml version="1.0" encoding="UTF-8"?>
<!-- Generated by org.testng.reporters.JUnitXMLReporter -->
<testsuite ignored="1" hostname="DESKTOP-IREC5PQ" failures="0" tests="2" name="Default test" time="34.633" errors="0" timestamp="2025-12-09T19:31:41 IST">
  <testcase classname="tests.RS_PracticPage_Test" name="testBookingFlow" time="15.684"/>
  <testcase classname="tests.RS_PracticPage_Test" name="SearchFligthsBookings" time="11.138"/>
  <testcase classname="tests.RS_PracticPage_Test" name="verifyStoreLink" time="0.0">
    <ignored/>
  </testcase> <!-- verifyStoreLink -->
</testsuite> <!-- Default test -->
