<?xml version="1.0" encoding="UTF-8"?>
<!-- Generated by org.testng.reporters.JUnitXMLReporter -->
<testsuite ignored="0" hostname="DESKTOP-IREC5PQ" failures="0" tests="3" name="Default test" time="27.036" errors="0" timestamp="2025-12-26T20:32:16 IST">
  <testcase classname="tests.MacPage_Tests" name="verifyMacLink_visibility" time="0.116"/>
  <testcase classname="tests.MacPage_Tests" name="Verify_ExploreAllLink_VisibleAndClickable" time="15.688">
    <skipped/>
  </testcase> <!-- Verify_ExploreAllLink_VisibleAndClickable -->
  <testcase classname="tests.MacPage_Tests" name="Verify_ExploreAllLink_VisibleAndClickable" time="4.156"/>
</testsuite> <!-- Default test -->
