<?xml version="1.0" encoding="UTF-8"?>
<!-- Generated by org.testng.reporters.JUnitXMLReporter -->
<testsuite ignored="0" hostname="DESKTOP-IREC5PQ" failures="0" tests="3" name="ChromeAppleTest" time="39.33" errors="0" timestamp="2025-12-08T11:12:27 IST">
  <testcase classname="tests.AppleHomePageTest" name="SearchProducts" time="14.281"/>
  <testcase classname="tests.AppleHomePageTest" name="userSignInTest" time="10.625"/>
  <testcase classname="tests.AppleHomePageTest" name="verifyStoreLink" time="0.087"/>
</testsuite> <!-- ChromeAppleTest -->
