<?xml version="1.0" encoding="UTF-8"?>
<!-- Generated by org.testng.reporters.JUnitXMLReporter -->
<testsuite ignored="0" hostname="DESKTOP-IREC5PQ" failures="1" tests="6" name="FirefoxBookingTest" time="53.128" errors="0" timestamp="2025-12-16T15:00:01 IST">
  <testcase classname="tests.RS_PracticPage_Test" name="verifyStoreLink" time="0.073"/>
  <testcase classname="tests.RS_PracticPage_Test" name="SearchFligthsBookings" time="7.713"/>
  <testcase classname="tests.RS_PracticPage_Test" name="testBookingFlow" time="0.363">
    <skipped/>
  </testcase> <!-- testBookingFlow -->
  <testcase classname="tests.RS_PracticPage_Test" name="testBookingFlow" time="0.27">
    <skipped/>
  </testcase> <!-- testBookingFlow -->
  <testcase classname="tests.RS_PracticPage_Test" name="testBookingFlow" time="0.272">
    <skipped/>
  </testcase> <!-- testBookingFlow -->
  <testcase classname="tests.RS_PracticPage_Test" name="testBookingFlow" time="0.255">
    <failure type="org.openqa.selenium.ElementNotInteractableException" message="Element &amp;lt;input id=&amp;quot;ctl00_mainContent_ddl_originStation1_CTXT&amp;quot; class=&amp;quot;select_CTXT&amp;quot; name=&amp;quot;ctl00_mainContent_ddl_originStation1_CTXT&amp;quot;&amp;gt; could not be scrolled into view
Build info: version: &amp;apos;4.16.1&amp;apos;, revision: &amp;apos;9b4c83354e&amp;apos;
System info: os.name: &amp;apos;Windows 11&amp;apos;, os.arch: &amp;apos;amd64&amp;apos;, os.version: &amp;apos;10.0&amp;apos;, java.version: &amp;apos;21.0.6&amp;apos;
Driver info: org.openqa.selenium.firefox.FirefoxDriver
Command: [04fc4886-f71b-457a-a463-c47e1eadeb17, clickElement {id=0ee1a99e-e495-4bc8-9654-6cb1918f0017}]
Capabilities {acceptInsecureCerts: true, browserName: firefox, browserVersion: 146.0, moz:accessibilityChecks: false, moz:buildID: 20251205151434, moz:geckodriverVersion: 0.36.0, moz:headless: false, moz:platformVersion: 10.0, moz:processID: 29516, moz:profile: C:\Users\Admin\AppData\Loca..., moz:shutdownTimeout: 60000, moz:webdriverClick: true, moz:windowless: false, pageLoadStrategy: normal, platformName: windows, proxy: Proxy(), setWindowRect: true, strictFileInteractability: false, timeouts: {implicit: 0, pageLoad: 300000, script: 30000}, unhandledPromptBehavior: dismiss and notify, userAgent: Mozilla/5.0 (Windows NT 10....}
Element: [[FirefoxDriver: firefox on windows (04fc4886-f71b-457a-a463-c47e1eadeb17)] -&amp;gt; id: ctl00_mainContent_ddl_originStation1_CTXT]
Session ID: 04fc4886-f71b-457a-a463-c47e1eadeb17">
      <![CDATA[org.openqa.selenium.ElementNotInteractableException: Element <input id="ctl00_mainContent_ddl_originStation1_CTXT" class="select_CTXT" name="ctl00_mainContent_ddl_originStation1_CTXT"> could not be scrolled into view
Build info: version: '4.16.1', revision: '9b4c83354e'
System info: os.name: 'Windows 11', os.arch: 'amd64', os.version: '10.0', java.version: '21.0.6'
Driver info: org.openqa.selenium.firefox.FirefoxDriver
Command: [04fc4886-f71b-457a-a463-c47e1eadeb17, clickElement {id=0ee1a99e-e495-4bc8-9654-6cb1918f0017}]
Capabilities {acceptInsecureCerts: true, browserName: firefox, browserVersion: 146.0, moz:accessibilityChecks: false, moz:buildID: 20251205151434, moz:geckodriverVersion: 0.36.0, moz:headless: false, moz:platformVersion: 10.0, moz:processID: 29516, moz:profile: C:\Users\Admin\AppData\Loca..., moz:shutdownTimeout: 60000, moz:webdriverClick: true, moz:windowless: false, pageLoadStrategy: normal, platformName: windows, proxy: Proxy(), setWindowRect: true, strictFileInteractability: false, timeouts: {implicit: 0, pageLoad: 300000, script: 30000}, unhandledPromptBehavior: dismiss and notify, userAgent: Mozilla/5.0 (Windows NT 10....}
Element: [[FirefoxDriver: firefox on windows (04fc4886-f71b-457a-a463-c47e1eadeb17)] -> id: ctl00_mainContent_ddl_originStation1_CTXT]
Session ID: 04fc4886-f71b-457a-a463-c47e1eadeb17
at org.openqa.selenium.remote.codec.w3c.W3CHttpResponseCodec.createException(W3CHttpResponseCodec.java:200)
at org.openqa.selenium.remote.codec.w3c.W3CHttpResponseCodec.decode(W3CHttpResponseCodec.java:133)
at org.openqa.selenium.remote.codec.w3c.W3CHttpResponseCodec.decode(W3CHttpResponseCodec.java:52)
at org.openqa.selenium.remote.HttpCommandExecutor.execute(HttpCommandExecutor.java:191)
at org.openqa.selenium.remote.service.DriverCommandExecutor.invokeExecute(DriverCommandExecutor.java:200)
at org.openqa.selenium.remote.service.DriverCommandExecutor.execute(DriverCommandExecutor.java:175)
at org.openqa.selenium.remote.RemoteWebDriver.execute(RemoteWebDriver.java:523)
at org.openqa.selenium.remote.RemoteWebElement.execute(RemoteWebElement.java:224)
at org.openqa.selenium.remote.RemoteWebElement.click(RemoteWebElement.java:77)
at pages.RS_PracticePage.selectDepartureCity(RS_PracticePage.java:72)
at tests.RS_PracticPage_Test.testBookingFlow(RS_PracticPage_Test.java:40)
at java.base/java.util.ArrayList.forEach(ArrayList.java:1596)
at java.base/java.util.concurrent.FutureTask.run(FutureTask.java:317)
at java.base/java.util.concurrent.ThreadPoolExecutor.runWorker(ThreadPoolExecutor.java:1144)
at java.base/java.util.concurrent.ThreadPoolExecutor$Worker.run(ThreadPoolExecutor.java:642)
at java.base/java.lang.Thread.run(Thread.java:1583)
... Removed 18 stack frames]]>
    </failure>
  </testcase> <!-- testBookingFlow -->
</testsuite> <!-- FirefoxBookingTest -->
