<?xml version="1.0" encoding="UTF-8"?>
<testng-results retried="1" ignored="0" total="3" passed="2" failed="0" skipped="0">
  <reporter-output>
  </reporter-output>
  <suite started-at="2025-12-26T20:31:49 IST" name="Default suite" finished-at="2025-12-26T20:32:16 IST" duration-ms="27036">
    <groups>
    </groups>
    <test started-at="2025-12-26T20:31:49 IST" name="Default test" finished-at="2025-12-26T20:32:16 IST" duration-ms="27036">
      <class name="tests.MacPage_Tests">
        <test-method is-config="true" signature="setUp()[pri:0, instance:tests.MacPage_Tests@46d59067]" started-at="2025-12-26T20:31:49 IST" name="setUp" finished-at="2025-12-26T20:31:51 IST" duration-ms="2371" status="PASS">
          <reporter-output>
          </reporter-output>
        </test-method> <!-- setUp -->
        <test-method signature="verifyMacLink_visibility()[pri:0, instance:tests.MacPage_Tests@46d59067]" started-at="2025-12-26T20:31:51 IST" name="verifyMacLink_visibility" finished-at="2025-12-26T20:31:51 IST" duration-ms="116" status="PASS">
          <reporter-output>
          </reporter-output>
        </test-method> <!-- verifyMacLink_visibility -->
        <test-method is-config="true" signature="tearDown()[pri:0, instance:tests.MacPage_Tests@46d59067]" started-at="2025-12-26T20:31:51 IST" name="tearDown" finished-at="2025-12-26T20:31:52 IST" duration-ms="160" status="PASS">
          <reporter-output>
          </reporter-output>
        </test-method> <!-- tearDown -->
        <test-method is-config="true" signature="setUp()[pri:0, instance:tests.MacPage_Tests@46d59067]" started-at="2025-12-26T20:31:52 IST" name="setUp" finished-at="2025-12-26T20:31:53 IST" duration-ms="1776" status="PASS">
          <reporter-output>
          </reporter-output>
        </test-method> <!-- setUp -->
        <test-method retried="true" signature="Verify_ExploreAllLink_VisibleAndClickable()[pri:1, instance:tests.MacPage_Tests@46d59067]" started-at="2025-12-26T20:31:53 IST" name="Verify_ExploreAllLink_VisibleAndClickable" finished-at="2025-12-26T20:32:09 IST" duration-ms="15688" status="SKIP">
          <exception class="org.openqa.selenium.TimeoutException">
            <message>
              <![CDATA[Expected condition failed: waiting for element to be clickable: [[ChromeDriver: chrome on windows (bac3c69a19b6020a0a7ebb6b5731884e)] -> xpath: //li[a[normalize-space(text())='Explore All Mac']]] (tried for 15 second(s) with 500 milliseconds interval)
Build info: version: '4.16.1', revision: '9b4c83354e'
System info: os.name: 'Windows 11', os.arch: 'amd64', os.version: '10.0', java.version: '21.0.6'
Driver info: org.openqa.selenium.chrome.ChromeDriver
Capabilities {acceptInsecureCerts: false, browserName: chrome, browserVersion: 143.0.7499.170, chrome: {chromedriverVersion: 143.0.7499.169 (164b20aab62..., userDataDir: C:\Users\Admin\AppData\Loca...}, fedcm:accounts: true, goog:chromeOptions: {debuggerAddress: localhost:53619}, goog:processID: 25308, networkConnectionEnabled: false, pageLoadStrategy: normal, platformName: windows, proxy: Proxy(), se:cdp: ws://localhost:53619/devtoo..., se:cdpVersion: 143.0.7499.170, setWindowRect: true, strictFileInteractability: false, timeouts: {implicit: 0, pageLoad: 300000, script: 30000}, unhandledPromptBehavior: dismiss and notify, webauthn:extension:credBlob: true, webauthn:extension:largeBlob: true, webauthn:extension:minPinLength: true, webauthn:extension:prf: true, webauthn:virtualAuthenticators: true}
Session ID: bac3c69a19b6020a0a7ebb6b5731884e]]>
            </message>
            <full-stacktrace>
              <![CDATA[org.openqa.selenium.TimeoutException: Expected condition failed: waiting for element to be clickable: [[ChromeDriver: chrome on windows (bac3c69a19b6020a0a7ebb6b5731884e)] -> xpath: //li[a[normalize-space(text())='Explore All Mac']]] (tried for 15 second(s) with 500 milliseconds interval)
Build info: version: '4.16.1', revision: '9b4c83354e'
System info: os.name: 'Windows 11', os.arch: 'amd64', os.version: '10.0', java.version: '21.0.6'
Driver info: org.openqa.selenium.chrome.ChromeDriver
Capabilities {acceptInsecureCerts: false, browserName: chrome, browserVersion: 143.0.7499.170, chrome: {chromedriverVersion: 143.0.7499.169 (164b20aab62..., userDataDir: C:\Users\Admin\AppData\Loca...}, fedcm:accounts: true, goog:chromeOptions: {debuggerAddress: localhost:53619}, goog:processID: 25308, networkConnectionEnabled: false, pageLoadStrategy: normal, platformName: windows, proxy: Proxy(), se:cdp: ws://localhost:53619/devtoo..., se:cdpVersion: 143.0.7499.170, setWindowRect: true, strictFileInteractability: false, timeouts: {implicit: 0, pageLoad: 300000, script: 30000}, unhandledPromptBehavior: dismiss and notify, webauthn:extension:credBlob: true, webauthn:extension:largeBlob: true, webauthn:extension:minPinLength: true, webauthn:extension:prf: true, webauthn:virtualAuthenticators: true}
Session ID: bac3c69a19b6020a0a7ebb6b5731884e
at org.openqa.selenium.support.ui.WebDriverWait.timeoutException(WebDriverWait.java:84)
at org.openqa.selenium.support.ui.FluentWait.until(FluentWait.java:229)
at pages.Apple_Mac_Page.clickOnExploreAllMac_Link(Apple_Mac_Page.java:84)
at tests.MacPage_Tests.Verify_ExploreAllLink_VisibleAndClickable(MacPage_Tests.java:31)
at java.base/jdk.internal.reflect.DirectMethodHandleAccessor.invoke(DirectMethodHandleAccessor.java:103)
at java.base/java.lang.reflect.Method.invoke(Method.java:580)
at org.testng.internal.invokers.MethodInvocationHelper.invokeMethod(MethodInvocationHelper.java:141)
at org.testng.internal.invokers.TestInvoker.invokeMethod(TestInvoker.java:687)
at org.testng.internal.invokers.TestInvoker.invokeTestMethod(TestInvoker.java:230)
at org.testng.internal.invokers.MethodRunner.runInSequence(MethodRunner.java:63)
at org.testng.internal.invokers.TestInvoker$MethodInvocationAgent.invoke(TestInvoker.java:995)
at org.testng.internal.invokers.TestInvoker.invokeTestMethods(TestInvoker.java:203)
at org.testng.internal.invokers.TestMethodWorker.invokeTestMethods(TestMethodWorker.java:154)
at org.testng.internal.invokers.TestMethodWorker.run(TestMethodWorker.java:134)
at java.base/java.util.ArrayList.forEach(ArrayList.java:1596)
at org.testng.TestRunner.privateRun(TestRunner.java:741)
at org.testng.TestRunner.run(TestRunner.java:616)
at org.testng.SuiteRunner.runTest(SuiteRunner.java:421)
at org.testng.SuiteRunner.runSequentially(SuiteRunner.java:413)
at org.testng.SuiteRunner.privateRun(SuiteRunner.java:373)
at org.testng.SuiteRunner.run(SuiteRunner.java:312)
at org.testng.SuiteRunnerWorker.runSuite(SuiteRunnerWorker.java:52)
at org.testng.SuiteRunnerWorker.run(SuiteRunnerWorker.java:95)
at org.testng.TestNG.runSuitesSequentially(TestNG.java:1274)
at org.testng.TestNG.runSuitesLocally(TestNG.java:1208)
at org.testng.TestNG.runSuites(TestNG.java:1112)
at org.testng.TestNG.run(TestNG.java:1079)
at org.testng.remote.AbstractRemoteTestNG.run(AbstractRemoteTestNG.java:115)
at org.testng.remote.RemoteTestNG.initAndRun(RemoteTestNG.java:293)
at org.testng.remote.RemoteTestNG.main(RemoteTestNG.java:91)
]]>
            </full-stacktrace>
          </exception> <!-- org.openqa.selenium.TimeoutException -->
          <reporter-output>
          </reporter-output>
        </test-method> <!-- Verify_ExploreAllLink_VisibleAndClickable -->
        <test-method is-config="true" signature="tearDown()[pri:0, instance:tests.MacPage_Tests@46d59067]" started-at="2025-12-26T20:32:09 IST" name="tearDown" finished-at="2025-12-26T20:32:10 IST" duration-ms="190" status="PASS">
          <reporter-output>
          </reporter-output>
        </test-method> <!-- tearDown -->
        <test-method is-config="true" signature="setUp()[pri:0, instance:tests.MacPage_Tests@46d59067]" started-at="2025-12-26T20:32:10 IST" name="setUp" finished-at="2025-12-26T20:32:12 IST" duration-ms="2035" status="PASS">
          <reporter-output>
          </reporter-output>
        </test-method> <!-- setUp -->
        <test-method signature="Verify_ExploreAllLink_VisibleAndClickable()[pri:1, instance:tests.MacPage_Tests@46d59067]" started-at="2025-12-26T20:32:12 IST" name="Verify_ExploreAllLink_VisibleAndClickable" finished-at="2025-12-26T20:32:16 IST" duration-ms="4156" status="PASS">
          <reporter-output>
          </reporter-output>
        </test-method> <!-- Verify_ExploreAllLink_VisibleAndClickable -->
        <test-method is-config="true" signature="tearDown()[pri:0, instance:tests.MacPage_Tests@46d59067]" started-at="2025-12-26T20:32:16 IST" name="tearDown" finished-at="2025-12-26T20:32:16 IST" duration-ms="183" status="PASS">
          <reporter-output>
          </reporter-output>
        </test-method> <!-- tearDown -->
      </class> <!-- tests.MacPage_Tests -->
    </test> <!-- Default test -->
  </suite> <!-- Default suite -->
</testng-results>
