<?xml version="1.0" encoding="UTF-8"?>
<!-- Generated by org.testng.reporters.JUnitReportReporter -->
<testsuite hostname="DESKTOP-IREC5PQ" failures="0" tests="3" name="tests.RS_PracticPage_Test" time="34.346" errors="0" timestamp="2025-12-09T19:31:41 IST" skipped="1">
  <testcase classname="tests.RS_PracticPage_Test" name="testBookingFlow" time="19.345"/>
  <testcase classname="tests.RS_PracticPage_Test" name="SearchFligthsBookings" time="15.001"/>
  <testcase classname="tests.RS_PracticPage_Test" name="verifyStoreLink">
    <skipped/>
  </testcase> <!-- verifyStoreLink -->
</testsuite> <!-- tests.RS_PracticPage_Test -->
