<?xml version="1.0" encoding="UTF-8"?>
<!-- Generated by org.testng.reporters.JUnitReportReporter -->
<testsuite hostname="DESKTOP-IREC5PQ" failures="0" tests="3" name="tests.AppleHomePageTest" time="38.991" errors="0" timestamp="2025-12-08T11:13:28 IST" skipped="0">
  <testcase classname="tests.AppleHomePageTest" name="userSignInTest" time="17.175"/>
  <testcase classname="tests.AppleHomePageTest" name="verifyStoreLink" time="3.431"/>
  <testcase classname="tests.AppleHomePageTest" name="SearchProducts" time="18.385"/>
</testsuite> <!-- tests.AppleHomePageTest -->
