<?xml version="1.0" encoding="UTF-8"?>
<!-- Generated by org.testng.reporters.JUnitReportReporter -->
<testsuite hostname="DESKTOP-IREC5PQ" failures="0" tests="3" name="tests.MacPage_Tests" time="26.675" errors="0" timestamp="2025-12-26T20:32:16 IST" skipped="1">
  <testcase classname="tests.MacPage_Tests" name="verifyMacLink_visibility" time="2.334"/>
  <testcase classname="tests.MacPage_Tests" name="Verify_ExploreAllLink_VisibleAndClickable" time="18.219">
    <skipped/>
  </testcase> <!-- Verify_ExploreAllLink_VisibleAndClickable -->
  <testcase classname="tests.MacPage_Tests" name="Verify_ExploreAllLink_VisibleAndClickable" time="6.122"/>
</testsuite> <!-- tests.MacPage_Tests -->
