<?xml version="1.0" encoding="UTF-8"?>
<!-- Generated by org.testng.reporters.JUnitReportReporter -->
<testsuite hostname="DESKTOP-IREC5PQ" failures="0" tests="9" name="tests.RS_PracticPage_Test" time="174.727" errors="0" timestamp="2025-12-26T16:44:15 IST" skipped="3">
  <testcase classname="tests.RS_PracticPage_Test" name="verifyStoreLink" time="14.236"/>
  <testcase classname="tests.RS_PracticPage_Test" name="verifyStoreLink" time="11.533"/>
  <testcase classname="tests.RS_PracticPage_Test" name="SearchFligthsBookings" time="30.629"/>
  <testcase classname="tests.RS_PracticPage_Test" name="SearchFligthsBookings" time="25.868"/>
  <testcase classname="tests.RS_PracticPage_Test" name="testBookingFlow" time="19.056">
    <skipped/>
  </testcase> <!-- testBookingFlow -->
  <testcase classname="tests.RS_PracticPage_Test" name="testBookingFlow" time="15.212"/>
  <testcase classname="tests.RS_PracticPage_Test" name="testBookingFlow" time="21.784"/>
  <testcase classname="tests.RS_PracticPage_Test" name="testBookingFlow" time="21.595">
    <skipped/>
  </testcase> <!-- testBookingFlow -->
  <testcase classname="tests.RS_PracticPage_Test" name="testBookingFlow" time="14.814">
    <skipped/>
  </testcase> <!-- testBookingFlow -->
</testsuite> <!-- tests.RS_PracticPage_Test -->
